<?xml version="1.0" encoding="UTF-8"?>
<!-- Generated by org.testng.reporters.JUnitReportReporter -->
<testsuite hostname="DESKTOP-M4FGBCI" failures="0" tests="2" name="Testingbaba_Test.Login_test" time="0.085" errors="0" timestamp="2024-05-04T17:45:26 IST" skipped="0">
  <testcase classname="Testingbaba_Test.Login_test" name="getTitle" time="0.016"/>
  <testcase classname="Testingbaba_Test.Login_test" name="elements" time="0.069"/>
</testsuite> <!-- Testingbaba_Test.Login_test -->
