<?xml version="1.0" encoding="UTF-8"?>
<!-- Generated by org.testng.reporters.JUnitReportReporter -->
<testsuite hostname="DESKTOP-M4FGBCI" failures="0" tests="3" name="Testingbaba_Test.Textbox_test" time="3.850" errors="0" timestamp="2024-05-04T17:46:03 IST" skipped="0">
  <testcase classname="Testingbaba_Test.Textbox_test" name="clickbox" time="0.187"/>
  <testcase classname="Testingbaba_Test.Textbox_test" name="readdata" time="3.599"/>
  <testcase classname="Testingbaba_Test.Textbox_test" name="btn" time="0.064"/>
</testsuite> <!-- Testingbaba_Test.Textbox_test -->
